#
# There is insufficient memory for the Java Runtime Environment to continue.
# Native memory allocation (malloc) failed to allocate 2086256 bytes for Chunk::new
# Possible reasons:
#   The system is out of physical RAM or swap space
#   The process is running with CompressedOops enabled, and the Java Heap may be blocking the growth of the native heap
# Possible solutions:
#   Reduce memory load on the system
#   Increase physical memory or swap space
#   Check if swap backing store is full
#   Decrease Java heap size (-Xmx/-Xms)
#   Decrease number of Java threads
#   Decrease Java thread stack sizes (-Xss)
#   Set larger code cache with -XX:ReservedCodeCacheSize=
#   JVM is running with Unscaled Compressed Oops mode in which the Java heap is
#     placed in the first 4GB address space. The Java Heap base address is the
#     maximum limit for the native heap growth. Please use -XX:HeapBaseMinAddress
#     to set the Java Heap base and to place the Java Heap above 4GB virtual address.
# This output file may be truncated or incomplete.
#
#  Out of Memory Error (allocation.cpp:389), pid=16208, tid=0x0000000000003048
#
# JRE version: OpenJDK Runtime Environment (8.0_202-b03) (build 1.8.0_202-release-1483-b03)
# Java VM: OpenJDK 64-Bit Server VM (25.202-b03 mixed mode windows-amd64 compressed oops)
# Failed to write core dump. Minidumps are not enabled by default on client versions of Windows
#

---------------  T H R E A D  ---------------

Current thread (0x000000001811e800):  JavaThread "C2 CompilerThread2" daemon [_thread_in_native, id=12360, stack(0x0000000018bf0000,0x0000000018cf0000)]

Stack: [0x0000000018bf0000,0x0000000018cf0000]
[error occurred during error reporting (printing stack bounds), id 0xc0000005]

Native frames: (J=compiled Java code, j=interpreted, Vv=VM code, C=native code)


Current CompileTask:
C2:   5150 1504   !   4       java.net.URLClassLoader$1::run (63 bytes)


---------------  P R O C E S S  ---------------

Java Threads: ( => current thread )
  0x000000001a4ad800 JavaThread "Cache worker for file hash cache (D:\udemy\android\android\Buttonclickapp\.gradle\5.4.1\fileHashes)" [_thread_blocked, id=4624, stack(0x000000001e170000,0x000000001e270000)]
  0x000000001a4b0800 JavaThread "Cache worker for journal cache (C:\Users\Tom Abarbanel\.gradle\caches\journal-1)" [_thread_blocked, id=15724, stack(0x000000001cc10000,0x000000001cd10000)]
  0x000000001a4ae800 JavaThread "File lock request listener" [_thread_in_native, id=8296, stack(0x000000001cb10000,0x000000001cc10000)]
  0x000000001a4ad000 JavaThread "Cache worker for file hash cache (C:\Users\Tom Abarbanel\.gradle\caches\5.4.1\fileHashes)" [_thread_blocked, id=7052, stack(0x000000001ca10000,0x000000001cb10000)]
  0x000000001a7ef000 JavaThread "Thread-9" [_thread_blocked, id=9360, stack(0x000000001c910000,0x000000001ca10000)]
  0x000000001a7ee000 JavaThread "Stdin handler" [_thread_blocked, id=11336, stack(0x000000001c810000,0x000000001c910000)]
  0x0000000019fcf000 JavaThread "Asynchronous log dispatcher for DefaultDaemonConnection: socket connection from /127.0.0.1:51249 to /127.0.0.1:51250" [_thread_blocked, id=18312, stack(0x000000001c710000,0x000000001c810000)]
  0x0000000019fb8000 JavaThread "Daemon worker" [_thread_in_native, id=15936, stack(0x000000001c610000,0x000000001c710000)]
  0x000000001a9e4000 JavaThread "Cancel handler" [_thread_blocked, id=12936, stack(0x000000001c510000,0x000000001c610000)]
  0x000000001a20d800 JavaThread "Handler for socket connection from /127.0.0.1:51249 to /127.0.0.1:51250" [_thread_in_native, id=16716, stack(0x000000001c210000,0x000000001c310000)]
  0x000000001a03d800 JavaThread "Daemon" [_thread_blocked, id=16468, stack(0x000000001c110000,0x000000001c210000)]
  0x0000000019cbf000 JavaThread "Daemon periodic checks" [_thread_blocked, id=19052, stack(0x000000001c010000,0x000000001c110000)]
  0x000000001abe3800 JavaThread "Incoming local TCP Connector on port 51249" [_thread_in_native, id=18960, stack(0x000000001bdd0000,0x000000001bed0000)]
  0x0000000019fec800 JavaThread "Daemon health stats" [_thread_blocked, id=18128, stack(0x000000001b790000,0x000000001b890000)]
  0x00000000181aa000 JavaThread "Service Thread" daemon [_thread_blocked, id=16952, stack(0x0000000018df0000,0x0000000018ef0000)]
  0x0000000018129000 JavaThread "C1 CompilerThread3" daemon [_thread_blocked, id=18188, stack(0x0000000018cf0000,0x0000000018df0000)]
=>0x000000001811e800 JavaThread "C2 CompilerThread2" daemon [_thread_in_native, id=12360, stack(0x0000000018bf0000,0x0000000018cf0000)]
  0x000000001811c000 JavaThread "C2 CompilerThread1" daemon [_thread_blocked, id=18812, stack(0x0000000018af0000,0x0000000018bf0000)]
  0x0000000018119000 JavaThread "C2 CompilerThread0" daemon [_thread_in_native, id=18816, stack(0x00000000189f0000,0x0000000018af0000)]
  0x0000000018118000 JavaThread "Attach Listener" daemon [_thread_blocked, id=18828, stack(0x00000000188f0000,0x00000000189f0000)]
  0x0000000018115000 JavaThread "Signal Dispatcher" daemon [_thread_blocked, id=18832, stack(0x00000000187f0000,0x00000000188f0000)]
  0x0000000002559800 JavaThread "Finalizer" daemon [_thread_blocked, id=18840, stack(0x00000000185f0000,0x00000000186f0000)]
  0x0000000002556800 JavaThread "Reference Handler" daemon [_thread_blocked, id=18824, stack(0x00000000184f0000,0x00000000185f0000)]
  0x000000000245e800 JavaThread "main" [_thread_blocked, id=19156, stack(0x0000000002340000,0x0000000002440000)]

Other Threads:
  0x0000000016318800 VMThread [stack: 0x0000000017ff0000,0x00000000180f0000] [id=16628]
  0x00000000181ab000 WatcherThread [stack: 0x0000000018ef0000,0x0000000018ff0000] [id=6308]

VM state:not at safepoint (normal execution)

VM Mutex/Monitor currently owned by a thread: None

heap address: 0x00000000a0000000, size: 1536 MB, Compressed Oops mode: 32-bit
Narrow klass base: 0x0000000000000000, Narrow klass shift: 3
Compressed class space size: 1073741824 Address: 0x0000000100000000

Heap:
 PSYoungGen      total 76288K, used 29703K [0x00000000e0000000, 0x00000000e5500000, 0x0000000100000000)
  eden space 65536K, 30% used [0x00000000e0000000,0x00000000e136e360,0x00000000e4000000)
  from space 10752K, 91% used [0x00000000e4a80000,0x00000000e5413b28,0x00000000e5500000)
  to   space 10752K, 0% used [0x00000000e4000000,0x00000000e4000000,0x00000000e4a80000)
 ParOldGen       total 175104K, used 24K [0x00000000a0000000, 0x00000000aab00000, 0x00000000e0000000)
  object space 175104K, 0% used [0x00000000a0000000,0x00000000a0006000,0x00000000aab00000)
 Metaspace       used 16874K, capacity 17320K, committed 17536K, reserved 1064960K
  class space    used 2434K, capacity 2584K, committed 2688K, reserved 1048576K

Card table byte_map: [0x0000000011920000,0x0000000011c30000] byte_map_base: 0x0000000011420000

Marking Bits: (ParMarkBitMap*) 0x0000000066919f30
 Begin Bits: [0x0000000012630000, 0x0000000013e30000)
 End Bits:   [0x0000000013e30000, 0x0000000015630000)

Polling page: 0x0000000000b20000

CodeCache: size=245760Kb used=5525Kb max_used=5527Kb free=240234Kb
 bounds [0x0000000002560000, 0x0000000002ad0000, 0x0000000011560000]
 total_blobs=1988 nmethods=1590 adapters=311
 compilation: enabled

Compilation events (10 events):
Event: 5.082 Thread 0x0000000018129000 1587       3       org.gradle.internal.service.DefaultServiceRegistry$ParentServices::getService (11 bytes)
Event: 5.082 Thread 0x000000001811c000 1588       4       java.lang.ReflectiveOperationException::<init> (7 bytes)
Event: 5.082 Thread 0x0000000018129000 nmethod 1587 0x0000000002ac4450 code [0x0000000002ac45c0, 0x0000000002ac47e8]
Event: 5.084 Thread 0x000000001811c000 nmethod 1588 0x0000000002ac3e10 code [0x0000000002ac3f60, 0x0000000002ac42c8]
Event: 5.084 Thread 0x000000001811c000 1589       4       java.lang.Throwable::<init> (39 bytes)
Event: 5.086 Thread 0x000000001811c000 nmethod 1589 0x0000000002ac7010 code [0x0000000002ac7180, 0x0000000002ac7508]
Event: 5.120 Thread 0x0000000018129000 1590       3       java.util.concurrent.atomic.AtomicLong::compareAndSet (13 bytes)
Event: 5.120 Thread 0x0000000018129000 nmethod 1590 0x0000000002ac6cd0 code [0x0000000002ac6e20, 0x0000000002ac6f90]
Event: 5.133 Thread 0x0000000018129000 1591       3       sun.reflect.NativeMethodAccessorImpl::invoke (104 bytes)
Event: 5.134 Thread 0x0000000018129000 nmethod 1591 0x0000000002ac8610 code [0x0000000002ac8880, 0x0000000002ac9d18]

GC Heap History (4 events):
Event: 1.432 GC heap before
{Heap before GC invocations=1 (full 0):
 PSYoungGen      total 76288K, used 65536K [0x00000000e0000000, 0x00000000e5500000, 0x0000000100000000)
  eden space 65536K, 100% used [0x00000000e0000000,0x00000000e4000000,0x00000000e4000000)
  from space 10752K, 0% used [0x00000000e4a80000,0x00000000e4a80000,0x00000000e5500000)
  to   space 10752K, 0% used [0x00000000e4000000,0x00000000e4000000,0x00000000e4a80000)
 ParOldGen       total 175104K, used 0K [0x00000000a0000000, 0x00000000aab00000, 0x00000000e0000000)
  object space 175104K, 0% used [0x00000000a0000000,0x00000000a0000000,0x00000000aab00000)
 Metaspace       used 8201K, capacity 8482K, committed 8576K, reserved 1056768K
  class space    used 1040K, capacity 1109K, committed 1152K, reserved 1048576K
Event: 1.484 GC heap after
Heap after GC invocations=1 (full 0):
 PSYoungGen      total 76288K, used 6549K [0x00000000e0000000, 0x00000000e5500000, 0x0000000100000000)
  eden space 65536K, 0% used [0x00000000e0000000,0x00000000e0000000,0x00000000e4000000)
  from space 10752K, 60% used [0x00000000e4000000,0x00000000e46656c8,0x00000000e4a80000)
  to   space 10752K, 0% used [0x00000000e4a80000,0x00000000e4a80000,0x00000000e5500000)
 ParOldGen       total 175104K, used 16K [0x00000000a0000000, 0x00000000aab00000, 0x00000000e0000000)
  object space 175104K, 0% used [0x00000000a0000000,0x00000000a0004000,0x00000000aab00000)
 Metaspace       used 8201K, capacity 8482K, committed 8576K, reserved 1056768K
  class space    used 1040K, capacity 1109K, committed 1152K, reserved 1048576K
}
Event: 4.801 GC heap before
{Heap before GC invocations=2 (full 0):
 PSYoungGen      total 76288K, used 72085K [0x00000000e0000000, 0x00000000e5500000, 0x0000000100000000)
  eden space 65536K, 100% used [0x00000000e0000000,0x00000000e4000000,0x00000000e4000000)
  from space 10752K, 60% used [0x00000000e4000000,0x00000000e46656c8,0x00000000e4a80000)
  to   space 10752K, 0% used [0x00000000e4a80000,0x00000000e4a80000,0x00000000e5500000)
 ParOldGen       total 175104K, used 16K [0x00000000a0000000, 0x00000000aab00000, 0x00000000e0000000)
  object space 175104K, 0% used [0x00000000a0000000,0x00000000a0004000,0x00000000aab00000)
 Metaspace       used 15177K, capacity 15560K, committed 15616K, reserved 1062912K
  class space    used 2156K, capacity 2296K, committed 2304K, reserved 1048576K
Event: 4.838 GC heap after
Heap after GC invocations=2 (full 0):
 PSYoungGen      total 76288K, used 9806K [0x00000000e0000000, 0x00000000e5500000, 0x0000000100000000)
  eden space 65536K, 0% used [0x00000000e0000000,0x00000000e0000000,0x00000000e4000000)
  from space 10752K, 91% used [0x00000000e4a80000,0x00000000e5413b28,0x00000000e5500000)
  to   space 10752K, 0% used [0x00000000e4000000,0x00000000e4000000,0x00000000e4a80000)
 ParOldGen       total 175104K, used 24K [0x00000000a0000000, 0x00000000aab00000, 0x00000000e0000000)
  object space 175104K, 0% used [0x00000000a0000000,0x00000000a0006000,0x00000000aab00000)
 Metaspace       used 15177K, capacity 15560K, committed 15616K, reserved 1062912K
  class space    used 2156K, capacity 2296K, committed 2304K, reserved 1048576K
}

Deoptimization events (10 events):
Event: 2.991 Thread 0x0000000019fb8000 Uncommon trap: reason=bimorphic action=maybe_recompile pc=0x000000000281ae64 method=java.util.HashMap.putVal(ILjava/lang/Object;Ljava/lang/Object;ZZ)Ljava/lang/Object; @ 253
Event: 2.991 Thread 0x0000000019fb8000 Uncommon trap: reason=bimorphic action=maybe_recompile pc=0x000000000281ae64 method=java.util.HashMap.putVal(ILjava/lang/Object;Ljava/lang/Object;ZZ)Ljava/lang/Object; @ 253
Event: 2.991 Thread 0x0000000019fb8000 Uncommon trap: reason=bimorphic action=maybe_recompile pc=0x000000000281ae64 method=java.util.HashMap.putVal(ILjava/lang/Object;Ljava/lang/Object;ZZ)Ljava/lang/Object; @ 253
Event: 2.991 Thread 0x0000000019fb8000 Uncommon trap: reason=bimorphic action=maybe_recompile pc=0x000000000281ae64 method=java.util.HashMap.putVal(ILjava/lang/Object;Ljava/lang/Object;ZZ)Ljava/lang/Object; @ 253
Event: 2.991 Thread 0x0000000019fb8000 Uncommon trap: reason=bimorphic action=maybe_recompile pc=0x0000000002812e30 method=java.util.HashMap.putVal(ILjava/lang/Object;Ljava/lang/Object;ZZ)Ljava/lang/Object; @ 253
Event: 4.387 Thread 0x0000000019fb8000 Uncommon trap: reason=class_check action=maybe_recompile pc=0x000000000284f058 method=java.util.regex.Matcher.match(II)Z @ 86
Event: 4.419 Thread 0x0000000019fb8000 Uncommon trap: reason=class_check action=maybe_recompile pc=0x000000000284f058 method=java.util.regex.Matcher.match(II)Z @ 86
Event: 4.420 Thread 0x0000000019fb8000 Uncommon trap: reason=class_check action=maybe_recompile pc=0x000000000284f058 method=java.util.regex.Matcher.match(II)Z @ 86
Event: 4.420 Thread 0x0000000019fb8000 Uncommon trap: reason=class_check action=maybe_recompile pc=0x000000000280e79c method=java.util.regex.Matcher.match(II)Z @ 86
Event: 4.793 Thread 0x0000000019fb8000 Uncommon trap: reason=unstable_if action=reinterpret pc=0x000000000293d674 method=java.lang.String.lastIndexOf([CII[CIII)I @ 66

Classes redefined (0 events):
No events

Internal exceptions (10 events):
Event: 2.926 Thread 0x000000001a20d800 Exception <a 'java/lang/NoSuchMethodError': <clinit>> (0x00000000e1093848) thrown at [D:\src\AOSP-openjdk-cygwin\jdk8u\hotspot\src\share\vm\prims\jni.cpp, line 1614]
Event: 2.928 Thread 0x000000001a20d800 Exception <a 'java/lang/NoSuchMethodError': <clinit>> (0x00000000e10a8780) thrown at [D:\src\AOSP-openjdk-cygwin\jdk8u\hotspot\src\share\vm\prims\jni.cpp, line 1614]
Event: 2.932 Thread 0x000000001a20d800 Exception <a 'java/lang/NoSuchMethodError': <clinit>> (0x00000000e10bb940) thrown at [D:\src\AOSP-openjdk-cygwin\jdk8u\hotspot\src\share\vm\prims\jni.cpp, line 1614]
Event: 2.935 Thread 0x000000001a20d800 Exception <a 'java/lang/NoSuchMethodError': <clinit>> (0x00000000e10e2e20) thrown at [D:\src\AOSP-openjdk-cygwin\jdk8u\hotspot\src\share\vm\prims\jni.cpp, line 1614]
Event: 2.937 Thread 0x000000001a20d800 Exception <a 'java/lang/NoSuchMethodError': <clinit>> (0x00000000e10faf48) thrown at [D:\src\AOSP-openjdk-cygwin\jdk8u\hotspot\src\share\vm\prims\jni.cpp, line 1614]
Event: 2.938 Thread 0x000000001a20d800 Exception <a 'java/lang/NoSuchMethodError': <clinit>> (0x00000000e1103bd8) thrown at [D:\src\AOSP-openjdk-cygwin\jdk8u\hotspot\src\share\vm\prims\jni.cpp, line 1614]
Event: 2.939 Thread 0x000000001a20d800 Exception <a 'java/lang/NoSuchMethodError': <clinit>> (0x00000000e111a2b8) thrown at [D:\src\AOSP-openjdk-cygwin\jdk8u\hotspot\src\share\vm\prims\jni.cpp, line 1614]
Event: 2.948 Thread 0x000000001a20d800 Exception <a 'java/lang/NoSuchMethodError': <clinit>> (0x00000000e1181768) thrown at [D:\src\AOSP-openjdk-cygwin\jdk8u\hotspot\src\share\vm\prims\jni.cpp, line 1614]
Event: 2.952 Thread 0x000000001a20d800 Exception <a 'java/lang/NoSuchMethodError': <clinit>> (0x00000000e11ae048) thrown at [D:\src\AOSP-openjdk-cygwin\jdk8u\hotspot\src\share\vm\prims\jni.cpp, line 1614]
Event: 2.955 Thread 0x000000001a20d800 Exception <a 'java/lang/NoSuchMethodError': <clinit>> (0x00000000e11caab8) thrown at [D:\src\AOSP-openjdk-cygwin\jdk8u\hotspot\src\share\vm\prims\jni.cpp, line 1614]

Events (10 events):
Event: 5.146 loading class kotlin/reflect/KFunction
Event: 5.146 loading class kotlin/reflect/KFunction done
Event: 5.146 loading class kotlin/jvm/internal/CallableReference$NoReceiver
Event: 5.146 loading class kotlin/jvm/internal/CallableReference$NoReceiver done
Event: 5.147 loading class kotlin/jvm/internal/Reflection
Event: 5.147 loading class kotlin/jvm/internal/Reflection done
Event: 5.147 loading class kotlin/reflect/jvm/internal/ReflectionFactoryImpl
Event: 5.147 loading class kotlin/reflect/jvm/internal/ReflectionFactoryImpl done
Event: 5.148 loading class kotlin/jvm/internal/ReflectionFactory
Event: 5.148 loading class kotlin/jvm/internal/ReflectionFactory done


Dynamic libraries:
0x00007ff606700000 - 0x00007ff606731000 	D:\Program Files\Android\Android Studio\jre\bin\java.exe
0x00007ff9adf00000 - 0x00007ff9ae0f0000 	C:\WINDOWS\SYSTEM32\ntdll.dll
0x00007ff9ac030000 - 0x00007ff9ac0e2000 	C:\WINDOWS\System32\KERNEL32.DLL
0x00007ff9ab860000 - 0x00007ff9abb03000 	C:\WINDOWS\System32\KERNELBASE.dll
0x00007ff9ac4d0000 - 0x00007ff9ac573000 	C:\WINDOWS\System32\ADVAPI32.dll
0x00007ff9ac730000 - 0x00007ff9ac7ce000 	C:\WINDOWS\System32\msvcrt.dll
0x00007ff9ac430000 - 0x00007ff9ac4c7000 	C:\WINDOWS\System32\sechost.dll
0x00007ff9acd30000 - 0x00007ff9ace50000 	C:\WINDOWS\System32\RPCRT4.dll
0x00007ff9acf80000 - 0x00007ff9ad114000 	C:\WINDOWS\System32\USER32.dll
0x00007ff9abc30000 - 0x00007ff9abc51000 	C:\WINDOWS\System32\win32u.dll
0x00007ff9adc50000 - 0x00007ff9adc76000 	C:\WINDOWS\System32\GDI32.dll
0x00007ff9abe10000 - 0x00007ff9abfa4000 	C:\WINDOWS\System32\gdi32full.dll
0x00007ff9abb10000 - 0x00007ff9abbae000 	C:\WINDOWS\System32\msvcp_win.dll
0x00007ff9ab6b0000 - 0x00007ff9ab7aa000 	C:\WINDOWS\System32\ucrtbase.dll
0x00007ff992510000 - 0x00007ff992795000 	C:\WINDOWS\WinSxS\amd64_microsoft.windows.common-controls_6595b64144ccf1df_6.0.18362.657_none_e6c5b579130e3898\COMCTL32.dll
0x00007ff9ac0f0000 - 0x00007ff9ac426000 	C:\WINDOWS\System32\combase.dll
0x00007ff9abbb0000 - 0x00007ff9abc30000 	C:\WINDOWS\System32\bcryptPrimitives.dll
0x00007ff9adc80000 - 0x00007ff9adcae000 	C:\WINDOWS\System32\IMM32.DLL
0x0000000067ec0000 - 0x0000000067f92000 	D:\Program Files\Android\Android Studio\jre\jre\bin\msvcr100.dll
0x0000000066150000 - 0x0000000066996000 	D:\Program Files\Android\Android Studio\jre\jre\bin\server\jvm.dll
0x00007ff9adcb0000 - 0x00007ff9adcb8000 	C:\WINDOWS\System32\PSAPI.DLL
0x00007ff9a8310000 - 0x00007ff9a8319000 	C:\WINDOWS\SYSTEM32\WSOCK32.dll
0x00007ff9a0220000 - 0x00007ff9a0244000 	C:\WINDOWS\SYSTEM32\WINMM.dll
0x00007ff9acf10000 - 0x00007ff9acf7f000 	C:\WINDOWS\System32\WS2_32.dll
0x00007ff9a21e0000 - 0x00007ff9a21ea000 	C:\WINDOWS\SYSTEM32\VERSION.dll
0x00007ff9a01f0000 - 0x00007ff9a021d000 	C:\WINDOWS\SYSTEM32\WINMMBASE.dll
0x00007ff9aae90000 - 0x00007ff9aaeda000 	C:\WINDOWS\System32\cfgmgr32.dll
0x00007ff9a19b0000 - 0x00007ff9a19bf000 	D:\Program Files\Android\Android Studio\jre\jre\bin\verify.dll
0x00007ff9a18e0000 - 0x00007ff9a1909000 	D:\Program Files\Android\Android Studio\jre\jre\bin\java.dll
0x00007ff9a1770000 - 0x00007ff9a1786000 	D:\Program Files\Android\Android Studio\jre\jre\bin\zip.dll
0x00007ff9ad120000 - 0x00007ff9ad805000 	C:\WINDOWS\System32\SHELL32.dll
0x00007ff9add90000 - 0x00007ff9ade39000 	C:\WINDOWS\System32\shcore.dll
0x00007ff9aaf30000 - 0x00007ff9ab6af000 	C:\WINDOWS\System32\windows.storage.dll
0x00007ff9aade0000 - 0x00007ff9aadff000 	C:\WINDOWS\System32\profapi.dll
0x00007ff9aae40000 - 0x00007ff9aae8a000 	C:\WINDOWS\System32\powrprof.dll
0x00007ff9aadd0000 - 0x00007ff9aade0000 	C:\WINDOWS\System32\UMPDC.dll
0x00007ff9ada20000 - 0x00007ff9ada72000 	C:\WINDOWS\System32\shlwapi.dll
0x00007ff9aae00000 - 0x00007ff9aae11000 	C:\WINDOWS\System32\kernel.appcore.dll
0x00007ff9aaf10000 - 0x00007ff9aaf27000 	C:\WINDOWS\System32\cryptsp.dll
0x00007ff99d2f0000 - 0x00007ff99d30a000 	D:\Program Files\Android\Android Studio\jre\jre\bin\net.dll
0x00007ff9aa640000 - 0x00007ff9aa6a7000 	C:\WINDOWS\system32\mswsock.dll
0x00007ff99d050000 - 0x00007ff99d061000 	D:\Program Files\Android\Android Studio\jre\jre\bin\nio.dll
0x00007ff98e240000 - 0x00007ff98e266000 	C:\Users\Tom Abarbanel\.gradle\native\29\windows-amd64\native-platform.dll
0x00007ff9a19a0000 - 0x00007ff9a19ad000 	D:\Program Files\Android\Android Studio\jre\jre\bin\management.dll
0x00007ff9aa1b0000 - 0x00007ff9aa1e3000 	C:\WINDOWS\system32\rsaenh.dll
0x00007ff9aaee0000 - 0x00007ff9aaf06000 	C:\WINDOWS\System32\bcrypt.dll
0x00007ff9aacc0000 - 0x00007ff9aace5000 	C:\WINDOWS\SYSTEM32\USERENV.dll
0x00007ff9aa810000 - 0x00007ff9aa81c000 	C:\WINDOWS\SYSTEM32\CRYPTBASE.dll
0x00007ff9aa350000 - 0x00007ff9aa38a000 	C:\WINDOWS\SYSTEM32\IPHLPAPI.DLL
0x00007ff9acf00000 - 0x00007ff9acf08000 	C:\WINDOWS\System32\NSI.dll
0x00007ff9a7410000 - 0x00007ff9a7426000 	C:\WINDOWS\SYSTEM32\dhcpcsvc6.DLL
0x00007ff9a73f0000 - 0x00007ff9a740c000 	C:\WINDOWS\SYSTEM32\dhcpcsvc.DLL
0x00007ff9aa390000 - 0x00007ff9aa45a000 	C:\WINDOWS\SYSTEM32\DNSAPI.dll

VM Arguments:
jvm_args: -Xmx1536m -Dfile.encoding=windows-1252 -Duser.country=US -Duser.language=en -Duser.variant 
java_command: org.gradle.launcher.daemon.bootstrap.GradleDaemon 5.4.1
java_class_path (initial): C:\Users\Tom Abarbanel\.gradle\wrapper\dists\gradle-5.4.1-all\3221gyojl5jsh0helicew7rwx\gradle-5.4.1\lib\gradle-launcher-5.4.1.jar
Launcher Type: SUN_STANDARD

Environment Variables:
PATH=C:\Program Files (x86)\Intel\iCLS Client\;C:\Program Files\Intel\iCLS Client\;C:\Windows\system32;C:\Windows;C:\Windows\System32\Wbem;C:\Windows\System32\WindowsPowerShell\v1.0\;C:\Program Files (x86)\Intel\Intel(R) Management Engine Components\DAL;C:\Program Files\Intel\Intel(R) Management Engine Components\DAL;C:\Program Files (x86)\Intel\Intel(R) Management Engine Components\IPT;C:\Program Files\Intel\Intel(R) Management Engine Components\IPT;C:\Program Files (x86)\NVIDIA Corporation\PhysX\Common;C:\WINDOWS\system32;C:\WINDOWS;C:\WINDOWS\System32\Wbem;C:\WINDOWS\System32\WindowsPowerShell\v1.0\;C:\WINDOWS\System32\OpenSSH\;C:\Program Files\Intel\WiFi\bin\;C:\Program Files\Common Files\Intel\WirelessCommon\;C:\Program Files\dotnet\;C:\Program Files\nodejs\;C:\Program Files\Git\cmd;C:\Program Files\Git\mingw64\bin;C:\Program Files\Git\usr\bin;C:\Users\Tom Abarbanel\AppData\Local\Microsoft\WindowsApps;;C:\Users\Tom Abarbanel\AppData\Local\Programs\Microsoft VS Code\bin;C:\Users\Tom Abarbanel\AppData\Roaming\npm
USERNAME=Tom Abarbanel
OS=Windows_NT
PROCESSOR_IDENTIFIER=Intel64 Family 6 Model 142 Stepping 10, GenuineIntel



---------------  S Y S T E M  ---------------

OS: Windows 10.0 , 64 bit Build 18362 (10.0.18362.329)

CPU:total 8 (initial active 8) (4 cores per cpu, 2 threads per core) family 6 model 142 stepping 10, cmov, cx8, fxsr, mmx, sse, sse2, sse3, ssse3, sse4.1, sse4.2, popcnt, avx, avx2, aes, clmul, erms, 3dnowpref, lzcnt, ht, tsc, tscinvbit, bmi1, bmi2, adx

Memory: 4k page, physical 16657300k(6090312k free), swap 66988948k(4224k free)

vm_info: OpenJDK 64-Bit Server VM (25.202-b03) for windows-amd64 JRE (1.8.0_202-release-1483-b03), built by "builder" with MS VC++ 10.0 (VS2010)

time: Sun Feb 16 11:55:53 2020
timezone: Jerusalem Standard Time
elapsed time: 5 seconds (0d 0h 0m 5s)

